
Showing logs for build [32man6eel-go-demo-6-master-df6wp-2[0m stage [32mfrom-build-pack[0m and container [32mcredential-initializer[0m
{"level":"info","ts":1631026205.1182244,"caller":"creds-init/main.go:44","msg":"Credentials initialized."}

Showing logs for build [32man6eel-go-demo-6-master-df6wp-2[0m stage [32mfrom-build-pack[0m and container [32mworking-dir-initializer[0m

Showing logs for build [32man6eel-go-demo-6-master-df6wp-2[0m stage [32mfrom-build-pack[0m and container [32mplace-tools[0m

Showing logs for build [32man6eel-go-demo-6-master-df6wp-2[0m stage [32mfrom-build-pack[0m and container [32mstep-git-source-workspace-tw9tc[0m
{"level":"info","ts":1631026211.7984695,"caller":"git/git.go:105","msg":"Successfully cloned https://github.com/******/go-demo-6.git @ v1.0.491 in path /workspace/source"}
{"level":"warn","ts":1631026211.7985692,"caller":"git/git.go:152","msg":"Unexpected error: creating symlink: symlink /tekton/home/.ssh /root/.ssh: file exists"}
{"level":"info","ts":1631026211.837906,"caller":"git/git.go:133","msg":"Successfully initialized and updated submodules in path /workspace/source"}

Showing logs for build [32man6eel-go-demo-6-master-df6wp-2[0m stage [32mfrom-build-pack[0m and container [32mstep-setup-builder-home[0m

Showing logs for build [32man6eel-go-demo-6-master-df6wp-2[0m stage [32mfrom-build-pack[0m and container [32mstep-git-merge[0m
Using SHAs from PULL_REFS=master:
WARNING: no SHAs to merge, falling back to initial cloned commit

Showing logs for build [32man6eel-go-demo-6-master-df6wp-2[0m stage [32mfrom-build-pack[0m and container [32mstep-setup-jx-git-credentials[0m
Generated Git credentials file /workspace/xdg_config/git/credentials

Showing logs for build [32man6eel-go-demo-6-master-df6wp-2[0m stage [32mfrom-build-pack[0m and container [32mstep-build-make-build[0m
go: downloading github.com/prometheus/client_golang v0.9.2
go: downloading gopkg.in/mgo.v2 v2.0.0-20180705113604-9856a29383ce
go: extracting github.com/prometheus/client_golang v0.9.2
go: extracting gopkg.in/mgo.v2 v2.0.0-20180705113604-9856a29383ce
go: downloading github.com/prometheus/common v0.0.0-20181126121408-4724e9255275
go: downloading github.com/prometheus/procfs v0.0.0-20181204211112-1dc9a6cbc91a
go: downloading github.com/prometheus/client_model v0.0.0-20180712105110-5c3871d89910
go: downloading github.com/beorn7/perks v0.0.0-20180321164747-3a771d992973
go: downloading github.com/golang/protobuf v1.2.0
go: extracting github.com/beorn7/perks v0.0.0-20180321164747-3a771d992973
go: extracting github.com/prometheus/procfs v0.0.0-20181204211112-1dc9a6cbc91a
go: extracting github.com/prometheus/common v0.0.0-20181126121408-4724e9255275
go: extracting github.com/prometheus/client_model v0.0.0-20180712105110-5c3871d89910
go: downloading github.com/matttproud/golang_protobuf_extensions v1.0.1
go: extracting github.com/matttproud/golang_protobuf_extensions v1.0.1
go: extracting github.com/golang/protobuf v1.2.0
go: finding gopkg.in/mgo.v2 v2.0.0-20180705113604-9856a29383ce
go: finding github.com/prometheus/client_golang v0.9.2
go: finding github.com/beorn7/perks v0.0.0-20180321164747-3a771d992973
go: finding github.com/golang/protobuf v1.2.0
go: finding github.com/prometheus/client_model v0.0.0-20180712105110-5c3871d89910
go: finding github.com/prometheus/common v0.0.0-20181126121408-4724e9255275
go: finding github.com/prometheus/procfs v0.0.0-20181204211112-1dc9a6cbc91a
go: finding github.com/matttproud/golang_protobuf_extensions v1.0.1
CGO_ENABLED=0 GO15VENDOREXPERIMENT=1 go build -ldflags '' -o bin/go-demo-6 main.go

Showing logs for build [32man6eel-go-demo-6-master-df6wp-2[0m stage [32mfrom-build-pack[0m and container [32mstep-build-container-build[0m
E0907 14:50:34.567123      12 aws_credentials.go:77] while getting AWS credentials NoCredentialProviders: no valid providers in chain. Deprecated.
	For verbose messaging see aws.Config.CredentialsChainVerboseErrors
[36mINFO[0m[0000] Using dockerignore file: /workspace/source/.dockerignore 
[36mINFO[0m[0000] No base image, nothing to extract            
[36mINFO[0m[0000] Built cross stage deps: map[]                
[36mINFO[0m[0000] No base image, nothing to extract            
[36mINFO[0m[0000] Executing 0 build triggers                   
[36mINFO[0m[0000] cmd: EXPOSE                                  
[36mINFO[0m[0000] Adding exposed port: 8080/tcp                
[36mINFO[0m[0000] Checking for cached layer gcr.io/test-project-325209/cache:f0e74ba8a0a06d47d5ea59d233be33a19954748f2e65b5b0fd4018801df6fddf... 
[36mINFO[0m[0001] Using caching version of cmd: COPY ./bin/ /  
[36mINFO[0m[0001] Skipping unpacking as no commands require it. 
[36mINFO[0m[0001] EXPOSE 8080                                  
[36mINFO[0m[0001] cmd: EXPOSE                                  
[36mINFO[0m[0001] Adding exposed port: 8080/tcp                
[36mINFO[0m[0001] No files changed in this command, skipping snapshotting. 
[36mINFO[0m[0001] ENTRYPOINT ["/go-demo-6"]                    
[36mINFO[0m[0001] No files changed in this command, skipping snapshotting. 
[36mINFO[0m[0001] COPY ./bin/ /                                
[36mINFO[0m[0001] Found cached layer, extracting to filesystem 

Showing logs for build [32man6eel-go-demo-6-master-df6wp-2[0m stage [32mfrom-build-pack[0m and container [32mstep-build-post-build[0m
no CVE provider running in the current ** namespace so skip adding image to be analysed

Showing logs for build [32man6eel-go-demo-6-master-df6wp-2[0m stage [32mfrom-build-pack[0m and container [32mstep-promote-changelog[0m
Converted /workspace/source/charts/go-demo-6 to an unshallow repository
Generating change log from git ref ed5889b3a3f4c5568792140efdb67c2d06ec6290 => 7f8735985ec76cda123d78c05b122dcc82b15203
Associating user ****** in users.jenkins.io with email agarciamal1997@gmail.com to git GitProvider user with login ******-0 as emails match
Adding label jenkins.io/git-github-userid=******-0 to user ****** in users.jenkins.io
Associating user ****** in users.jenkins.io with email agarciamal1997@gmail.com to git GitProvider user with login ******-0 as emails match
Adding label jenkins.io/git-github-userid=******-0 to user ****** in users.jenkins.io
Finding issues in commit messages using git format
Associating user ****** in users.jenkins.io with email agarciamal1997@gmail.com to git GitProvider user with login ******-0 as emails match
Adding label jenkins.io/git-github-userid=******-0 to user ****** in users.jenkins.io
Associating user ****** in users.jenkins.io with email agarciamal1997@gmail.com to git GitProvider user with login ******-0 as emails match
Adding label jenkins.io/git-github-userid=******-0 to user ****** in users.jenkins.io
Associating user ****** in users.jenkins.io with email agarciamal1997@gmail.com to git GitProvider user with login ******-0 as emails match
Adding label jenkins.io/git-github-userid=******-0 to user ****** in users.jenkins.io
Associating user ****** in users.jenkins.io with email agarciamal1997@gmail.com to git GitProvider user with login ******-0 as emails match
Adding label jenkins.io/git-github-userid=******-0 to user ****** in users.jenkins.io
WARNING: No release found for ******/go-demo-6 and tag v1.0.491 so creating a new release
Updated the release information at https://github.com/******/go-demo-6/releases/tag/v1.0.491
generated: /workspace/source/charts/go-demo-6/templates/release.yaml
Created Release go-demo-6-1-0-491 resource in namespace **
Updating PipelineActivity ******-go-demo-6-master-2 with version 1.0.491
Updated PipelineActivities ******-go-demo-6-master-2 with release notes URL: https://github.com/******/go-demo-6/releases/tag/v1.0.491

Showing logs for build [32man6eel-go-demo-6-master-df6wp-2[0m stage [32mfrom-build-pack[0m and container [32mstep-promote-helm-release[0m
WARNING: No $CHART_REPOSITORY defined so using the default value of: http://jenkins-x-chartmuseum:8080
Adding missing Helm repo: storage.googleapis.com https://storage.googleapis.com/chartmuseum.jenkins-x.io
error: failed to build dependencies for chart from directory '.': failed to add chart repositories: failed to add the Helm repository with URL 'https://storage.googleapis.com/chartmuseum.jenkins-x.io': prompting for creds for https://storage.googleapis.com/chartmuseum.jenkins-x.io: asking for username: EOF
[0G[2K[1;92m? [0m[1;99mRepository username [0m[36m[? for help][0m [?25l7[999;999f[6n[6n
[31m
Pipeline failed on stage 'from-build-pack' : container 'step-promote-helm-release'. The execution of the pipeline has stopped.[0m
